Replace Part BZ1 CMI-9605-0580T in C:\Users\blt_g\OneDrive\Masaüstü\Altium Designer Çalýþmalarým\ComplexFile\Complex_PCB\Microcontroller.SchDoc with CMI-9605-0580T from ComplexCurcuit.IntLib
Replace Part C14 CAP CER 4.7uF in C:\Users\blt_g\OneDrive\Masaüstü\Altium Designer Çalýþmalarým\ComplexFile\Complex_PCB\Microcontroller.SchDoc with CAP CER 4.7uF from ComplexCurcuit.IntLib
Replace Part C15 CAP CER 1uF in C:\Users\blt_g\OneDrive\Masaüstü\Altium Designer Çalýþmalarým\ComplexFile\Complex_PCB\Microcontroller.SchDoc with CAP CER 1uF from ComplexCurcuit.IntLib
Replace Part C16 CAP CER 100nF in C:\Users\blt_g\OneDrive\Masaüstü\Altium Designer Çalýþmalarým\ComplexFile\Complex_PCB\Microcontroller.SchDoc with CAP CER 100nF from ComplexCurcuit.IntLib
Replace Part C17 CAP CER 4.7uF in C:\Users\blt_g\OneDrive\Masaüstü\Altium Designer Çalýþmalarým\ComplexFile\Complex_PCB\Microcontroller.SchDoc with CAP CER 4.7uF from ComplexCurcuit.IntLib
Replace Part C18 CAP CER 1uF in C:\Users\blt_g\OneDrive\Masaüstü\Altium Designer Çalýþmalarým\ComplexFile\Complex_PCB\Microcontroller.SchDoc with CAP CER 1uF from ComplexCurcuit.IntLib
Replace Part C19 CAP CER 100nF in C:\Users\blt_g\OneDrive\Masaüstü\Altium Designer Çalýþmalarým\ComplexFile\Complex_PCB\Microcontroller.SchDoc with CAP CER 100nF from ComplexCurcuit.IntLib
Replace Part C20 CAP CER 100nF in C:\Users\blt_g\OneDrive\Masaüstü\Altium Designer Çalýþmalarým\ComplexFile\Complex_PCB\Microcontroller.SchDoc with CAP CER 100nF from ComplexCurcuit.IntLib
Replace Part C21 CAP CER 100nF in C:\Users\blt_g\OneDrive\Masaüstü\Altium Designer Çalýþmalarým\ComplexFile\Complex_PCB\Microcontroller.SchDoc with CAP CER 100nF from ComplexCurcuit.IntLib
Replace Part C22 CAP CER 100nF in C:\Users\blt_g\OneDrive\Masaüstü\Altium Designer Çalýþmalarým\ComplexFile\Complex_PCB\Microcontroller.SchDoc with CAP CER 100nF from ComplexCurcuit.IntLib
Replace Part C23 ESH477M050AH4AA CAP in C:\Users\blt_g\OneDrive\Masaüstü\Altium Designer Çalýþmalarým\ComplexFile\Complex_PCB\Microcontroller.SchDoc with ESH477M050AH4AA CAP from ComplexCurcuit.IntLib
Replace Part C24 CAP CER 100nF 0805 in C:\Users\blt_g\OneDrive\Masaüstü\Altium Designer Çalýþmalarým\ComplexFile\Complex_PCB\Microcontroller.SchDoc with CAP CER 100nF 0805 from ComplexCurcuit.IntLib
Replace Part C25 CAP CER 1uF in C:\Users\blt_g\OneDrive\Masaüstü\Altium Designer Çalýþmalarým\ComplexFile\Complex_PCB\Microcontroller.SchDoc with CAP CER 1uF from ComplexCurcuit.IntLib
Replace Part C26 CAP CER 20pF in C:\Users\blt_g\OneDrive\Masaüstü\Altium Designer Çalýþmalarým\ComplexFile\Complex_PCB\Microcontroller.SchDoc with CAP CER 20pF from ComplexCurcuit.IntLib
Replace Part C27 CAP CER 20pF in C:\Users\blt_g\OneDrive\Masaüstü\Altium Designer Çalýþmalarým\ComplexFile\Complex_PCB\Microcontroller.SchDoc with CAP CER 20pF from ComplexCurcuit.IntLib
Replace Part C28 CAP CER 100nF in C:\Users\blt_g\OneDrive\Masaüstü\Altium Designer Çalýþmalarým\ComplexFile\Complex_PCB\Microcontroller.SchDoc with CAP CER 100nF from ComplexCurcuit.IntLib
Replace Part C29 CAP CER 100nF 0805 in C:\Users\blt_g\OneDrive\Masaüstü\Altium Designer Çalýþmalarým\ComplexFile\Complex_PCB\Microcontroller.SchDoc with CAP CER 100nF 0805 from ComplexCurcuit.IntLib
Replace Part C30 CAP CER 100nF in C:\Users\blt_g\OneDrive\Masaüstü\Altium Designer Çalýþmalarým\ComplexFile\Complex_PCB\Microcontroller.SchDoc with CAP CER 100nF from ComplexCurcuit.IntLib
Replace Part C31 CAP CER 1uF in C:\Users\blt_g\OneDrive\Masaüstü\Altium Designer Çalýþmalarým\ComplexFile\Complex_PCB\Microcontroller.SchDoc with CAP CER 1uF from ComplexCurcuit.IntLib
Replace Part D5 1N4148WS in C:\Users\blt_g\OneDrive\Masaüstü\Altium Designer Çalýþmalarým\ComplexFile\Complex_PCB\Microcontroller.SchDoc with 1N4148WS from ComplexCurcuit.IntLib
Replace Part D6 USBLC6-2SC6 in C:\Users\blt_g\OneDrive\Masaüstü\Altium Designer Çalýþmalarým\ComplexFile\Complex_PCB\Microcontroller.SchDoc with USBLC6-2SC6 from ComplexCurcuit.IntLib
Replace Part Q3 MMBT3904-7-F in C:\Users\blt_g\OneDrive\Masaüstü\Altium Designer Çalýþmalarým\ComplexFile\Complex_PCB\Microcontroller.SchDoc with MMBT3904-7-F from ComplexCurcuit.IntLib
Replace Part Q4 MMBT3904-7-F in C:\Users\blt_g\OneDrive\Masaüstü\Altium Designer Çalýþmalarým\ComplexFile\Complex_PCB\Microcontroller.SchDoc with MMBT3904-7-F from ComplexCurcuit.IntLib
Replace Part R6 RES 100 OHM in C:\Users\blt_g\OneDrive\Masaüstü\Altium Designer Çalýþmalarým\ComplexFile\Complex_PCB\Microcontroller.SchDoc with RES 100 OHM from ComplexCurcuit.IntLib
Replace Part R7 RES 100 OHM in C:\Users\blt_g\OneDrive\Masaüstü\Altium Designer Çalýþmalarým\ComplexFile\Complex_PCB\Microcontroller.SchDoc with RES 100 OHM from ComplexCurcuit.IntLib
Replace Part R8 RES 100 OHM in C:\Users\blt_g\OneDrive\Masaüstü\Altium Designer Çalýþmalarým\ComplexFile\Complex_PCB\Microcontroller.SchDoc with RES 100 OHM from ComplexCurcuit.IntLib
Replace Part R9 RES 4K7 OHM in C:\Users\blt_g\OneDrive\Masaüstü\Altium Designer Çalýþmalarým\ComplexFile\Complex_PCB\Microcontroller.SchDoc with RES 4K7 OHM from ComplexCurcuit.IntLib
Replace Part R10 RES 4K7 OHM in C:\Users\blt_g\OneDrive\Masaüstü\Altium Designer Çalýþmalarým\ComplexFile\Complex_PCB\Microcontroller.SchDoc with RES 4K7 OHM from ComplexCurcuit.IntLib
Replace Part R11 RES 100 OHM in C:\Users\blt_g\OneDrive\Masaüstü\Altium Designer Çalýþmalarým\ComplexFile\Complex_PCB\Microcontroller.SchDoc with RES 100 OHM from ComplexCurcuit.IntLib
Replace Part R12 RES 100 OHM in C:\Users\blt_g\OneDrive\Masaüstü\Altium Designer Çalýþmalarým\ComplexFile\Complex_PCB\Microcontroller.SchDoc with RES 100 OHM from ComplexCurcuit.IntLib
Replace Part R13 RES 100 OHM in C:\Users\blt_g\OneDrive\Masaüstü\Altium Designer Çalýþmalarým\ComplexFile\Complex_PCB\Microcontroller.SchDoc with RES 100 OHM from ComplexCurcuit.IntLib
Replace Part R14 RES 15 OHM in C:\Users\blt_g\OneDrive\Masaüstü\Altium Designer Çalýþmalarým\ComplexFile\Complex_PCB\Microcontroller.SchDoc with RES 15 OHM from ComplexCurcuit.IntLib
Replace Part R15 RES 15 OHM in C:\Users\blt_g\OneDrive\Masaüstü\Altium Designer Çalýþmalarým\ComplexFile\Complex_PCB\Microcontroller.SchDoc with RES 15 OHM from ComplexCurcuit.IntLib
Replace Part R16 RES 100 OHM in C:\Users\blt_g\OneDrive\Masaüstü\Altium Designer Çalýþmalarým\ComplexFile\Complex_PCB\Microcontroller.SchDoc with RES 100 OHM from ComplexCurcuit.IntLib
Replace Part R17 RES 100 OHM in C:\Users\blt_g\OneDrive\Masaüstü\Altium Designer Çalýþmalarým\ComplexFile\Complex_PCB\Microcontroller.SchDoc with RES 100 OHM from ComplexCurcuit.IntLib
Replace Part R18 RES 100 OHM in C:\Users\blt_g\OneDrive\Masaüstü\Altium Designer Çalýþmalarým\ComplexFile\Complex_PCB\Microcontroller.SchDoc with RES 100 OHM from ComplexCurcuit.IntLib
Replace Part R19 RES 100 OHM in C:\Users\blt_g\OneDrive\Masaüstü\Altium Designer Çalýþmalarým\ComplexFile\Complex_PCB\Microcontroller.SchDoc with RES 100 OHM from ComplexCurcuit.IntLib
Replace Part R20 RES 100 OHM in C:\Users\blt_g\OneDrive\Masaüstü\Altium Designer Çalýþmalarým\ComplexFile\Complex_PCB\Microcontroller.SchDoc with RES 100 OHM from ComplexCurcuit.IntLib
Replace Part R21 RES 100 OHM in C:\Users\blt_g\OneDrive\Masaüstü\Altium Designer Çalýþmalarým\ComplexFile\Complex_PCB\Microcontroller.SchDoc with RES 100 OHM from ComplexCurcuit.IntLib
Replace Part SW1 EG1215AA in C:\Users\blt_g\OneDrive\Masaüstü\Altium Designer Çalýþmalarým\ComplexFile\Complex_PCB\Microcontroller.SchDoc with EG1215AA from ComplexCurcuit.IntLib
Replace Part U3 ESP32-VROOM-32 in C:\Users\blt_g\OneDrive\Masaüstü\Altium Designer Çalýþmalarým\ComplexFile\Complex_PCB\Microcontroller.SchDoc with ESP32-VROOM-32 from ComplexCurcuit.IntLib
Replace Part U4 M41T00M6F in C:\Users\blt_g\OneDrive\Masaüstü\Altium Designer Çalýþmalarým\ComplexFile\Complex_PCB\Microcontroller.SchDoc with M41T00M6F from ComplexCurcuit.IntLib
Replace Part U5 STM32F103C6T6A in C:\Users\blt_g\OneDrive\Masaüstü\Altium Designer Çalýþmalarým\ComplexFile\Complex_PCB\Microcontroller.SchDoc with STM32F103C6T6A from ComplexCurcuit.IntLib
Replace Part U6 MAX6662MSA+ in C:\Users\blt_g\OneDrive\Masaüstü\Altium Designer Çalýþmalarým\ComplexFile\Complex_PCB\Microcontroller.SchDoc with MAX6662MSA+ from ComplexCurcuit.IntLib
Replace Part X1 CRYSTAL OSC 32.768 kHz in C:\Users\blt_g\OneDrive\Masaüstü\Altium Designer Çalýþmalarým\ComplexFile\Complex_PCB\Microcontroller.SchDoc with CRYSTAL OSC 32.768 kHz from ComplexCurcuit.IntLib
Replace Part XTAL1 CRYSTAL 16MHZ in C:\Users\blt_g\OneDrive\Masaüstü\Altium Designer Çalýþmalarým\ComplexFile\Complex_PCB\Microcontroller.SchDoc with CRYSTAL 16MHZ from ComplexCurcuit.IntLib
