Replace Part BR1 DB105TR in C:\Users\blt_g\OneDrive\Masaüstü\Altium Designer Çalýþmalarým\ComplexFile\Complex_PCB\PowerManagment.SchDoc with DB105TR from ComplexCurcuit.IntLib
Replace Part C1 ESH477M050AH4AA CAP in C:\Users\blt_g\OneDrive\Masaüstü\Altium Designer Çalýþmalarým\ComplexFile\Complex_PCB\PowerManagment.SchDoc with ESH477M050AH4AA CAP from ComplexCurcuit.IntLib
Replace Part C2 ESH477M050AH4AA CAP in C:\Users\blt_g\OneDrive\Masaüstü\Altium Designer Çalýþmalarým\ComplexFile\Complex_PCB\PowerManagment.SchDoc with ESH477M050AH4AA CAP from ComplexCurcuit.IntLib
Replace Part C3 CAP CER 100uF AEC in C:\Users\blt_g\OneDrive\Masaüstü\Altium Designer Çalýþmalarým\ComplexFile\Complex_PCB\PowerManagment.SchDoc with CAP CER 100uF AEC from ComplexCurcuit.IntLib
Replace Part C4 CAP CER 10nF in C:\Users\blt_g\OneDrive\Masaüstü\Altium Designer Çalýþmalarým\ComplexFile\Complex_PCB\PowerManagment.SchDoc with CAP CER 10nF from ComplexCurcuit.IntLib
Replace Part C5 CAP CER 4.7uF in C:\Users\blt_g\OneDrive\Masaüstü\Altium Designer Çalýþmalarým\ComplexFile\Complex_PCB\PowerManagment.SchDoc with CAP CER 4.7uF from ComplexCurcuit.IntLib
Replace Part C6 CAP 68uF AEC in C:\Users\blt_g\OneDrive\Masaüstü\Altium Designer Çalýþmalarým\ComplexFile\Complex_PCB\PowerManagment.SchDoc with CAP 68uF AEC from ComplexCurcuit.IntLib
Replace Part C7 CAP CER 4.7uF in C:\Users\blt_g\OneDrive\Masaüstü\Altium Designer Çalýþmalarým\ComplexFile\Complex_PCB\PowerManagment.SchDoc with CAP CER 4.7uF from ComplexCurcuit.IntLib
Replace Part C8 CAP CER 4.7uF in C:\Users\blt_g\OneDrive\Masaüstü\Altium Designer Çalýþmalarým\ComplexFile\Complex_PCB\PowerManagment.SchDoc with CAP CER 4.7uF from ComplexCurcuit.IntLib
Replace Part C9 CAP CER 1uF in C:\Users\blt_g\OneDrive\Masaüstü\Altium Designer Çalýþmalarým\ComplexFile\Complex_PCB\PowerManagment.SchDoc with CAP CER 1uF from ComplexCurcuit.IntLib
Replace Part C10 CAP CER 4.7uF in C:\Users\blt_g\OneDrive\Masaüstü\Altium Designer Çalýþmalarým\ComplexFile\Complex_PCB\PowerManagment.SchDoc with CAP CER 4.7uF from ComplexCurcuit.IntLib
Replace Part C11 CAP CER 1uF in C:\Users\blt_g\OneDrive\Masaüstü\Altium Designer Çalýþmalarým\ComplexFile\Complex_PCB\PowerManagment.SchDoc with CAP CER 1uF from ComplexCurcuit.IntLib
Replace Part C12 CAP CER 1uF in C:\Users\blt_g\OneDrive\Masaüstü\Altium Designer Çalýþmalarým\ComplexFile\Complex_PCB\PowerManagment.SchDoc with CAP CER 1uF from ComplexCurcuit.IntLib
Replace Part C13 CAP CER 4.7uF in C:\Users\blt_g\OneDrive\Masaüstü\Altium Designer Çalýþmalarým\ComplexFile\Complex_PCB\PowerManagment.SchDoc with CAP CER 4.7uF from ComplexCurcuit.IntLib
Replace Part D1 1N4148WS in C:\Users\blt_g\OneDrive\Masaüstü\Altium Designer Çalýþmalarým\ComplexFile\Complex_PCB\PowerManagment.SchDoc with 1N4148WS from ComplexCurcuit.IntLib
Replace Part D2 1N4148WS in C:\Users\blt_g\OneDrive\Masaüstü\Altium Designer Çalýþmalarým\ComplexFile\Complex_PCB\PowerManagment.SchDoc with 1N4148WS from ComplexCurcuit.IntLib
Replace Part D3 1SMB5919BT3G in C:\Users\blt_g\OneDrive\Masaüstü\Altium Designer Çalýþmalarým\ComplexFile\Complex_PCB\PowerManagment.SchDoc with 1SMB5919BT3G from ComplexCurcuit.IntLib
Replace Part D4 1N4148WS in C:\Users\blt_g\OneDrive\Masaüstü\Altium Designer Çalýþmalarým\ComplexFile\Complex_PCB\PowerManagment.SchDoc with 1N4148WS from ComplexCurcuit.IntLib
Replace Part F1 FUSE 3413.0216.22 in C:\Users\blt_g\OneDrive\Masaüstü\Altium Designer Çalýþmalarým\ComplexFile\Complex_PCB\PowerManagment.SchDoc with FUSE 3413.0216.22 from ComplexCurcuit.IntLib
Replace Part J1 TBP01R1-508-02BE in C:\Users\blt_g\OneDrive\Masaüstü\Altium Designer Çalýþmalarým\ComplexFile\Complex_PCB\PowerManagment.SchDoc with TBP01R1-508-02BE from ComplexCurcuit.IntLib
Replace Part J2 TBP01R1-508-02BE in C:\Users\blt_g\OneDrive\Masaüstü\Altium Designer Çalýþmalarým\ComplexFile\Complex_PCB\PowerManagment.SchDoc with TBP01R1-508-02BE from ComplexCurcuit.IntLib
Replace Part J3 TBP01R1-508-02BE in C:\Users\blt_g\OneDrive\Masaüstü\Altium Designer Çalýþmalarým\ComplexFile\Complex_PCB\PowerManagment.SchDoc with TBP01R1-508-02BE from ComplexCurcuit.IntLib
Replace Part J4 PJ-037AH-SMT-TR in C:\Users\blt_g\OneDrive\Masaüstü\Altium Designer Çalýþmalarým\ComplexFile\Complex_PCB\PowerManagment.SchDoc with PJ-037AH-SMT-TR from ComplexCurcuit.IntLib
Replace Part J5 PJ-037AH-SMT-TR in C:\Users\blt_g\OneDrive\Masaüstü\Altium Designer Çalýþmalarým\ComplexFile\Complex_PCB\PowerManagment.SchDoc with PJ-037AH-SMT-TR from ComplexCurcuit.IntLib
Replace Part J6 1x6 Male Header-64800611622 Connector in C:\Users\blt_g\OneDrive\Masaüstü\Altium Designer Çalýþmalarým\ComplexFile\Complex_PCB\PowerManagment.SchDoc with 1x6 Male Header-64800611622 Connector from ComplexCurcuit.IntLib
Replace Part J7 SMH-105-02-L-S in C:\Users\blt_g\OneDrive\Masaüstü\Altium Designer Çalýþmalarým\ComplexFile\Complex_PCB\PowerManagment.SchDoc with SMH-105-02-L-S from ComplexCurcuit.IntLib
Replace Part L1 IND 47uH in C:\Users\blt_g\OneDrive\Masaüstü\Altium Designer Çalýþmalarým\ComplexFile\Complex_PCB\PowerManagment.SchDoc with IND 47uH from ComplexCurcuit.IntLib
Replace Part Q1 MMBT3904-7-F in C:\Users\blt_g\OneDrive\Masaüstü\Altium Designer Çalýþmalarým\ComplexFile\Complex_PCB\PowerManagment.SchDoc with MMBT3904-7-F from ComplexCurcuit.IntLib
Replace Part Q2 MMBT3904-7-F in C:\Users\blt_g\OneDrive\Masaüstü\Altium Designer Çalýþmalarým\ComplexFile\Complex_PCB\PowerManagment.SchDoc with MMBT3904-7-F from ComplexCurcuit.IntLib
Replace Part R1 RES 1K OHM in C:\Users\blt_g\OneDrive\Masaüstü\Altium Designer Çalýþmalarým\ComplexFile\Complex_PCB\PowerManagment.SchDoc with RES 1K OHM from ComplexCurcuit.IntLib
Replace Part R2 5WD27 in C:\Users\blt_g\OneDrive\Masaüstü\Altium Designer Çalýþmalarým\ComplexFile\Complex_PCB\PowerManagment.SchDoc with 5WD27 from ComplexCurcuit.IntLib
Replace Part R3 RES 10K OHM  06103 in C:\Users\blt_g\OneDrive\Masaüstü\Altium Designer Çalýþmalarým\ComplexFile\Complex_PCB\PowerManagment.SchDoc with RES 10K OHM  06103 from ComplexCurcuit.IntLib
Replace Part R4 RES 1K OHM in C:\Users\blt_g\OneDrive\Masaüstü\Altium Designer Çalýþmalarým\ComplexFile\Complex_PCB\PowerManagment.SchDoc with RES 1K OHM from ComplexCurcuit.IntLib
Replace Part R5 RES 10K OHM  06103 in C:\Users\blt_g\OneDrive\Masaüstü\Altium Designer Çalýþmalarým\ComplexFile\Complex_PCB\PowerManagment.SchDoc with RES 10K OHM  06103 from ComplexCurcuit.IntLib
Replace Part RL1 ALQ112 in C:\Users\blt_g\OneDrive\Masaüstü\Altium Designer Çalýþmalarým\ComplexFile\Complex_PCB\PowerManagment.SchDoc with ALQ112 from ComplexCurcuit.IntLib
Replace Part RL2 ALQ112 in C:\Users\blt_g\OneDrive\Masaüstü\Altium Designer Çalýþmalarým\ComplexFile\Complex_PCB\PowerManagment.SchDoc with ALQ112 from ComplexCurcuit.IntLib
Replace Part T1 BV302S12010 in C:\Users\blt_g\OneDrive\Masaüstü\Altium Designer Çalýþmalarým\ComplexFile\Complex_PCB\PowerManagment.SchDoc with BV302S12010 from ComplexCurcuit.IntLib
Replace Part U1 LM2675MX-12/NOPB in C:\Users\blt_g\OneDrive\Masaüstü\Altium Designer Çalýþmalarým\ComplexFile\Complex_PCB\PowerManagment.SchDoc with LM2675MX-12/NOPB from ComplexCurcuit.IntLib
Replace Part U2 AP7361C-33E-13 in C:\Users\blt_g\OneDrive\Masaüstü\Altium Designer Çalýþmalarým\ComplexFile\Complex_PCB\PowerManagment.SchDoc with AP7361C-33E-13 from ComplexCurcuit.IntLib
Replace Part USB1 Micro B USB Connector in C:\Users\blt_g\OneDrive\Masaüstü\Altium Designer Çalýþmalarým\ComplexFile\Complex_PCB\PowerManagment.SchDoc with Micro B USB Connector from ComplexCurcuit.IntLib
