Replace Part C32 CAP CER 33uF 1206 in C:\Users\blt_g\OneDrive\Masaüstü\Altium Designer Çalýþmalarým\ComplexFile\Complex_PCB\SensorBoard.SchDoc with CAP CER 33uF 1206 from ComplexCurcuit.IntLib
Replace Part C33 CAP CER 33uF 1206 in C:\Users\blt_g\OneDrive\Masaüstü\Altium Designer Çalýþmalarým\ComplexFile\Complex_PCB\SensorBoard.SchDoc with CAP CER 33uF 1206 from ComplexCurcuit.IntLib
Replace Part C34 CAP CER 10nF in C:\Users\blt_g\OneDrive\Masaüstü\Altium Designer Çalýþmalarým\ComplexFile\Complex_PCB\SensorBoard.SchDoc with CAP CER 10nF from ComplexCurcuit.IntLib
Replace Part C35 CAP CER 100nF 0805 in C:\Users\blt_g\OneDrive\Masaüstü\Altium Designer Çalýþmalarým\ComplexFile\Complex_PCB\SensorBoard.SchDoc with CAP CER 100nF 0805 from ComplexCurcuit.IntLib
Replace Part C36 CAP CER 10nF in C:\Users\blt_g\OneDrive\Masaüstü\Altium Designer Çalýþmalarým\ComplexFile\Complex_PCB\SensorBoard.SchDoc with CAP CER 10nF from ComplexCurcuit.IntLib
Replace Part C37 CAP CER 100nF in C:\Users\blt_g\OneDrive\Masaüstü\Altium Designer Çalýþmalarým\ComplexFile\Complex_PCB\SensorBoard.SchDoc with CAP CER 100nF from ComplexCurcuit.IntLib
Replace Part C38 CAP CER 100nF 0805 in C:\Users\blt_g\OneDrive\Masaüstü\Altium Designer Çalýþmalarým\ComplexFile\Complex_PCB\SensorBoard.SchDoc with CAP CER 100nF 0805 from ComplexCurcuit.IntLib
Replace Part C39 CAP CER 4.7uF in C:\Users\blt_g\OneDrive\Masaüstü\Altium Designer Çalýþmalarým\ComplexFile\Complex_PCB\SensorBoard.SchDoc with CAP CER 4.7uF from ComplexCurcuit.IntLib
Replace Part C40 CAP CER 1uF in C:\Users\blt_g\OneDrive\Masaüstü\Altium Designer Çalýþmalarým\ComplexFile\Complex_PCB\SensorBoard.SchDoc with CAP CER 1uF from ComplexCurcuit.IntLib
Replace Part C41 CAP CER 100nF 0805 in C:\Users\blt_g\OneDrive\Masaüstü\Altium Designer Çalýþmalarým\ComplexFile\Complex_PCB\SensorBoard.SchDoc with CAP CER 100nF 0805 from ComplexCurcuit.IntLib
Replace Part C42 CAP CER 100nF 0805 in C:\Users\blt_g\OneDrive\Masaüstü\Altium Designer Çalýþmalarým\ComplexFile\Complex_PCB\SensorBoard.SchDoc with CAP CER 100nF 0805 from ComplexCurcuit.IntLib
Replace Part C43 CAP CER 1uF in C:\Users\blt_g\OneDrive\Masaüstü\Altium Designer Çalýþmalarým\ComplexFile\Complex_PCB\SensorBoard.SchDoc with CAP CER 1uF from ComplexCurcuit.IntLib
Replace Part C44 CAP CER 4.7uF in C:\Users\blt_g\OneDrive\Masaüstü\Altium Designer Çalýþmalarým\ComplexFile\Complex_PCB\SensorBoard.SchDoc with CAP CER 4.7uF from ComplexCurcuit.IntLib
Replace Part C45 CAP CER 4.7uF in C:\Users\blt_g\OneDrive\Masaüstü\Altium Designer Çalýþmalarým\ComplexFile\Complex_PCB\SensorBoard.SchDoc with CAP CER 4.7uF from ComplexCurcuit.IntLib
Replace Part C46 CAP CER 1uF in C:\Users\blt_g\OneDrive\Masaüstü\Altium Designer Çalýþmalarým\ComplexFile\Complex_PCB\SensorBoard.SchDoc with CAP CER 1uF from ComplexCurcuit.IntLib
Replace Part D7 LTST-C171GKT-GreenChipLed in C:\Users\blt_g\OneDrive\Masaüstü\Altium Designer Çalýþmalarým\ComplexFile\Complex_PCB\SensorBoard.SchDoc with LTST-C171GKT-GreenChipLed from ComplexCurcuit.IntLib
Replace Part D8 Led- LH R974-LP-1-Chip Led in C:\Users\blt_g\OneDrive\Masaüstü\Altium Designer Çalýþmalarým\ComplexFile\Complex_PCB\SensorBoard.SchDoc with Led- LH R974-LP-1-Chip Led from ComplexCurcuit.IntLib
Replace Part J8 1x6 Male Header-64800611622 Connector in C:\Users\blt_g\OneDrive\Masaüstü\Altium Designer Çalýþmalarým\ComplexFile\Complex_PCB\SensorBoard.SchDoc with 1x6 Male Header-64800611622 Connector from ComplexCurcuit.IntLib
Replace Part Q5 MMBT3904-7-F in C:\Users\blt_g\OneDrive\Masaüstü\Altium Designer Çalýþmalarým\ComplexFile\Complex_PCB\SensorBoard.SchDoc with MMBT3904-7-F from ComplexCurcuit.IntLib
Replace Part R22 RES 560K OHM in C:\Users\blt_g\OneDrive\Masaüstü\Altium Designer Çalýþmalarým\ComplexFile\Complex_PCB\SensorBoard.SchDoc with RES 560K OHM from ComplexCurcuit.IntLib
Replace Part R23 RES 10K OHM  06103 in C:\Users\blt_g\OneDrive\Masaüstü\Altium Designer Çalýþmalarým\ComplexFile\Complex_PCB\SensorBoard.SchDoc with RES 10K OHM  06103 from ComplexCurcuit.IntLib
Replace Part R24 RES 10K OHM  06103 in C:\Users\blt_g\OneDrive\Masaüstü\Altium Designer Çalýþmalarým\ComplexFile\Complex_PCB\SensorBoard.SchDoc with RES 10K OHM  06103 from ComplexCurcuit.IntLib
Replace Part R25 RES 10K OHM  06103 in C:\Users\blt_g\OneDrive\Masaüstü\Altium Designer Çalýþmalarým\ComplexFile\Complex_PCB\SensorBoard.SchDoc with RES 10K OHM  06103 from ComplexCurcuit.IntLib
Replace Part R26 RES 560K OHM in C:\Users\blt_g\OneDrive\Masaüstü\Altium Designer Çalýþmalarým\ComplexFile\Complex_PCB\SensorBoard.SchDoc with RES 560K OHM from ComplexCurcuit.IntLib
Replace Part R27 RES 43K in C:\Users\blt_g\OneDrive\Masaüstü\Altium Designer Çalýþmalarým\ComplexFile\Complex_PCB\SensorBoard.SchDoc with RES 43K from ComplexCurcuit.IntLib
Replace Part R28 RES 1K OHM in C:\Users\blt_g\OneDrive\Masaüstü\Altium Designer Çalýþmalarým\ComplexFile\Complex_PCB\SensorBoard.SchDoc with RES 1K OHM from ComplexCurcuit.IntLib
Replace Part R29 RES 1K OHM in C:\Users\blt_g\OneDrive\Masaüstü\Altium Designer Çalýþmalarým\ComplexFile\Complex_PCB\SensorBoard.SchDoc with RES 1K OHM from ComplexCurcuit.IntLib
Replace Part R30 RES 220K OHM in C:\Users\blt_g\OneDrive\Masaüstü\Altium Designer Çalýþmalarým\ComplexFile\Complex_PCB\SensorBoard.SchDoc with RES 220K OHM from ComplexCurcuit.IntLib
Replace Part R31 RES 220K OHM in C:\Users\blt_g\OneDrive\Masaüstü\Altium Designer Çalýþmalarým\ComplexFile\Complex_PCB\SensorBoard.SchDoc with RES 220K OHM from ComplexCurcuit.IntLib
Replace Part R32 RES 220K OHM in C:\Users\blt_g\OneDrive\Masaüstü\Altium Designer Çalýþmalarým\ComplexFile\Complex_PCB\SensorBoard.SchDoc with RES 220K OHM from ComplexCurcuit.IntLib
Replace Part R33 RES 0 OHM 0603 in C:\Users\blt_g\OneDrive\Masaüstü\Altium Designer Çalýþmalarým\ComplexFile\Complex_PCB\SensorBoard.SchDoc with RES 0 OHM 0603 from ComplexCurcuit.IntLib
Replace Part R34 RES 0 OHM 0603 in C:\Users\blt_g\OneDrive\Masaüstü\Altium Designer Çalýþmalarým\ComplexFile\Complex_PCB\SensorBoard.SchDoc with RES 0 OHM 0603 from ComplexCurcuit.IntLib
Replace Part R35 RES 1K OHM in C:\Users\blt_g\OneDrive\Masaüstü\Altium Designer Çalýþmalarým\ComplexFile\Complex_PCB\SensorBoard.SchDoc with RES 1K OHM from ComplexCurcuit.IntLib
Replace Part R36 RES 100 OHM in C:\Users\blt_g\OneDrive\Masaüstü\Altium Designer Çalýþmalarým\ComplexFile\Complex_PCB\SensorBoard.SchDoc with RES 100 OHM from ComplexCurcuit.IntLib
Replace Part RT1 TFPT1206L1002FM in C:\Users\blt_g\OneDrive\Masaüstü\Altium Designer Çalýþmalarým\ComplexFile\Complex_PCB\SensorBoard.SchDoc with TFPT1206L1002FM from ComplexCurcuit.IntLib
Replace Part S1 LHI 878/3902 in C:\Users\blt_g\OneDrive\Masaüstü\Altium Designer Çalýþmalarým\ComplexFile\Complex_PCB\SensorBoard.SchDoc with LHI 878/3902 from ComplexCurcuit.IntLib
Replace Part U7 OPA314AIDBVR in C:\Users\blt_g\OneDrive\Masaüstü\Altium Designer Çalýþmalarým\ComplexFile\Complex_PCB\SensorBoard.SchDoc with OPA314AIDBVR from ComplexCurcuit.IntLib
Replace Part U8 NCS36000DRG in C:\Users\blt_g\OneDrive\Masaüstü\Altium Designer Çalýþmalarým\ComplexFile\Complex_PCB\SensorBoard.SchDoc with NCS36000DRG from ComplexCurcuit.IntLib
